<?xml version="1.0" encoding="UTF-8"?>
<!-- Generated by org.testng.reporters.JUnitReportReporter -->
<testsuite hostname="DESKTOP-K7B1IHN" failures="0" tests="1" name="com.sauceDemo.Testclass.TC03_VerifyBagProductFunctionality" time="6.409" errors="0" timestamp="2022-10-10T14:11:17 IST" skipped="0">
  <testcase classname="com.sauceDemo.Testclass.TC03_VerifyBagProductFunctionality" name="verifyBagProductFunctionality" time="6.409"/>
  <system-out/>
</testsuite> <!-- com.sauceDemo.Testclass.TC03_VerifyBagProductFunctionality -->
