<?xml version="1.0" encoding="UTF-8"?>
<!-- Generated by org.testng.reporters.JUnitReportReporter -->
<testsuite hostname="DESKTOP-K7B1IHN" failures="0" tests="1" name="com.sauceDemo.Testclass.TC02_VerifyLogOutFunctionality" time="6.587" errors="0" timestamp="2022-10-10T14:11:17 IST" skipped="0">
  <testcase classname="com.sauceDemo.Testclass.TC02_VerifyLogOutFunctionality" name="verifyLOgOutFunctionality" time="6.587"/>
  <system-out/>
</testsuite> <!-- com.sauceDemo.Testclass.TC02_VerifyLogOutFunctionality -->
