<?xml version="1.0" encoding="UTF-8"?>
<!-- Generated by org.testng.reporters.JUnitReportReporter -->
<testsuite hostname="DESKTOP-K7B1IHN" failures="0" tests="1" name="com.sauceDemo.Testclass.TC01_VerifyLoginFunctionality" time="9.339" errors="0" timestamp="2022-10-10T14:11:17 IST" skipped="0">
  <testcase classname="com.sauceDemo.Testclass.TC01_VerifyLoginFunctionality" name="verifyLoginFunctionality" time="9.339"/>
  <system-out/>
</testsuite> <!-- com.sauceDemo.Testclass.TC01_VerifyLoginFunctionality -->
